2026-03-12 23:57:15,845 [INFO] Requesting authentication signature...
2026-03-12 23:57:16,910 [INFO] Signature received successfully.
2026-03-12 23:57:16,912 [INFO] Fetching group: Italy...
2026-03-12 23:57:19,036 [INFO]  > Found 408 channels in Italy
2026-03-12 23:57:19,036 [INFO] Fetching group: Switzerland...
2026-03-12 23:57:19,912 [INFO]  > Found 0 channels in Switzerland
2026-03-12 23:57:19,912 [INFO] Fetching group: Vavoo...
2026-03-12 23:57:20,779 [INFO]  > Found 0 channels in Vavoo
2026-03-12 23:57:20,780 [INFO] Attempting targeted search for RSI channels...
2026-03-12 23:57:48,596 [INFO] DEBUG: fetch_all_channels returned 408 items.
2026-03-12 23:57:48,597 [INFO] Loading EPG data for name resolution...
2026-03-12 23:57:48,615 [INFO] Using cached EPG for Italy
2026-03-12 23:57:49,361 [INFO] Parsed 305 channels, 15166 programs
2026-03-12 23:57:49,373 [INFO] Using cached EPG for Swiss
2026-03-12 23:57:51,318 [INFO] Parsed 0 channels, 33510 programs
2026-03-12 23:57:51,715 [INFO] Updated 0 channel names from all EPGs.
2026-03-12 23:57:51,786 [INFO] Writing 467 channels to test_playlist.m3u8...
2026-03-12 23:57:51,790 [INFO] Playlist generated successfully.
2026-03-13 01:18:58,984 [INFO] Deleted existing playlist: playlist.m3u8
2026-03-13 01:18:58,984 [INFO] Requesting authentication signature...
2026-03-13 01:19:00,046 [INFO] Signature received successfully.
2026-03-13 01:19:00,047 [INFO] Fetching group: Italy...
2026-03-13 01:19:02,019 [INFO]  > Found 408 channels in Italy
2026-03-13 01:19:02,019 [INFO] Fetching group: Switzerland...
2026-03-13 01:19:02,865 [INFO]  > Found 0 channels in Switzerland
2026-03-13 01:19:02,865 [INFO] Fetching group: Vavoo...
2026-03-13 01:19:03,737 [INFO]  > Found 0 channels in Vavoo
2026-03-13 01:19:03,737 [INFO] Attempting targeted search for RSI channels...
2026-03-13 01:19:32,372 [INFO] DEBUG: fetch_all_channels returned 408 items.
2026-03-13 01:19:32,372 [INFO] Loading EPG data for name resolution...
2026-03-13 01:19:32,381 [INFO] Using cached EPG for Italy
2026-03-13 01:19:33,104 [INFO] Parsed 305 channels, 14748 programs
2026-03-13 01:19:33,115 [INFO] Using cached EPG for Swiss
2026-03-13 01:19:35,009 [INFO] Parsed 0 channels, 32653 programs
2026-03-13 01:19:35,377 [INFO] Updated 0 channel names from all EPGs.
2026-03-13 01:19:35,444 [INFO] Writing 467 channels to playlist.m3u8...
2026-03-13 01:19:35,447 [INFO] Playlist generated successfully.
